nohup: ignoring input
[INFO] Scanning for projects...
[INFO] 
[INFO] -------------------< com.marianapetrolini:fastfood >--------------------
[INFO] Building fastfood 1.0.0
[INFO]   from pom.xml
[INFO] --------------------------------[ jar ]---------------------------------
[INFO] 
[INFO] >>> spring-boot:2.7.18:run (default-cli) > test-compile @ fastfood >>>
[INFO] 
[INFO] --- resources:3.2.0:resources (default-resources) @ fastfood ---
[INFO] Using 'UTF-8' encoding to copy filtered resources.
[INFO] Using 'UTF-8' encoding to copy filtered properties files.
[INFO] Copying 1 resource
[INFO] Copying 1 resource
[INFO] 
[INFO] --- compiler:3.10.1:compile (default-compile) @ fastfood ---
[INFO] Nothing to compile - all classes are up to date
[INFO] 
[INFO] --- resources:3.2.0:testResources (default-testResources) @ fastfood ---
[INFO] Using 'UTF-8' encoding to copy filtered resources.
[INFO] Using 'UTF-8' encoding to copy filtered properties files.
[INFO] skip non existing resourceDirectory /home/ubuntu/fastfood-complete/src/test/resources
[INFO] 
[INFO] --- compiler:3.10.1:testCompile (default-testCompile) @ fastfood ---
[INFO] Changes detected - recompiling the module!
[INFO] Compiling 1 source file to /home/ubuntu/fastfood-complete/target/test-classes
[INFO] 
[INFO] <<< spring-boot:2.7.18:run (default-cli) < test-compile @ fastfood <<<
[INFO] 
[INFO] 
[INFO] --- spring-boot:2.7.18:run (default-cli) @ fastfood ---
[INFO] Attaching agents: []

  .   ____          _            __ _ _
 /\\ / ___'_ __ _ _(_)_ __  __ _ \ \ \ \
( ( )\___ | '_ | '_| | '_ \/ _` | \ \ \ \
 \\/  ___)| |_)| | | | | || (_| |  ) ) ) )
  '  |____| .__|_| |_|_| |_\__, | / / / /
 =========|_|==============|___/=/_/_/_/
 :: Spring Boot ::               (v2.7.18)

2025-07-29 20:00:51.172  INFO 7984 --- [           main] c.m.fastfood.FastfoodApplication         : Starting FastfoodApplication using Java 11.0.27 on f0730ff40bea with PID 7984 (/home/ubuntu/fastfood-complete/target/classes started by ubuntu in /home/ubuntu/fastfood-complete)
2025-07-29 20:00:51.174  INFO 7984 --- [           main] c.m.fastfood.FastfoodApplication         : The following 1 profile is active: "dev"
2025-07-29 20:00:52.100  INFO 7984 --- [           main] .s.d.r.c.RepositoryConfigurationDelegate : Bootstrapping Spring Data JPA repositories in DEFAULT mode.
2025-07-29 20:00:52.141  INFO 7984 --- [           main] .s.d.r.c.RepositoryConfigurationDelegate : Finished Spring Data repository scanning in 34 ms. Found 4 JPA repository interfaces.
2025-07-29 20:00:52.562  INFO 7984 --- [           main] o.s.b.w.embedded.tomcat.TomcatWebServer  : Tomcat initialized with port(s): 8080 (http)
2025-07-29 20:00:52.569  INFO 7984 --- [           main] o.apache.catalina.core.StandardService   : Starting service [Tomcat]
2025-07-29 20:00:52.570  INFO 7984 --- [           main] org.apache.catalina.core.StandardEngine  : Starting Servlet engine: [Apache Tomcat/9.0.83]
2025-07-29 20:00:52.658  INFO 7984 --- [           main] o.a.c.c.C.[Tomcat].[localhost].[/]       : Initializing Spring embedded WebApplicationContext
2025-07-29 20:00:52.659  INFO 7984 --- [           main] w.s.c.ServletWebServerApplicationContext : Root WebApplicationContext: initialization completed in 1450 ms
2025-07-29 20:00:52.777  INFO 7984 --- [           main] com.zaxxer.hikari.HikariDataSource       : HikariPool-1 - Starting...
2025-07-29 20:00:52.931  INFO 7984 --- [           main] com.zaxxer.hikari.HikariDataSource       : HikariPool-1 - Start completed.
2025-07-29 20:00:52.954  INFO 7984 --- [           main] o.s.b.a.h2.H2ConsoleAutoConfiguration    : H2 console available at '/h2-console'. Database available at 'jdbc:h2:mem:testdb'
2025-07-29 20:00:53.108  INFO 7984 --- [           main] o.hibernate.jpa.internal.util.LogHelper  : HHH000204: Processing PersistenceUnitInfo [name: default]
2025-07-29 20:00:53.194  INFO 7984 --- [           main] org.hibernate.Version                    : HHH000412: Hibernate ORM core version 5.6.15.Final
2025-07-29 20:00:53.319  INFO 7984 --- [           main] o.hibernate.annotations.common.Version   : HCANN000001: Hibernate Commons Annotations {5.1.2.Final}
2025-07-29 20:00:53.449  INFO 7984 --- [           main] org.hibernate.dialect.Dialect            : HHH000400: Using dialect: org.hibernate.dialect.H2Dialect
2025-07-29 20:00:54.282 DEBUG 7984 --- [           main] org.hibernate.SQL                        : drop table if exists clientes CASCADE 
2025-07-29 20:00:54.285 DEBUG 7984 --- [           main] org.hibernate.SQL                        : drop table if exists itens_pedido CASCADE 
2025-07-29 20:00:54.285 DEBUG 7984 --- [           main] org.hibernate.SQL                        : drop table if exists pagamentos CASCADE 
2025-07-29 20:00:54.286 DEBUG 7984 --- [           main] org.hibernate.SQL                        : drop table if exists pedidos CASCADE 
2025-07-29 20:00:54.286 DEBUG 7984 --- [           main] org.hibernate.SQL                        : drop table if exists produtos CASCADE 
2025-07-29 20:00:54.288 DEBUG 7984 --- [           main] org.hibernate.SQL                        : create table clientes (id bigint generated by default as identity, cpf varchar(255), email varchar(255) not null, nome varchar(255) not null, telefone varchar(255), primary key (id))
2025-07-29 20:00:54.307 DEBUG 7984 --- [           main] org.hibernate.SQL                        : create table itens_pedido (id bigint generated by default as identity, observacoes varchar(255), preco_unitario numeric(10,2) not null, quantidade integer not null, subtotal numeric(10,2) not null, pedido_id bigint not null, produto_id bigint not null, primary key (id))
2025-07-29 20:00:54.308 DEBUG 7984 --- [           main] org.hibernate.SQL                        : create table pagamentos (id bigint generated by default as identity, data_criacao timestamp not null, data_processamento timestamp, mercado_pago_id varchar(255), metodo_pagamento varchar(255) not null, motivo_recusa varchar(255), qr_code_data varchar(255), status varchar(255) not null, transacao_id varchar(255), valor numeric(10,2) not null, pedido_id bigint not null, primary key (id))
2025-07-29 20:00:54.309 DEBUG 7984 --- [           main] org.hibernate.SQL                        : create table pedidos (id bigint generated by default as identity, data_criacao timestamp not null, data_finalizacao timestamp, observacoes varchar(255), status varchar(255) not null, valor_total numeric(10,2) not null, cliente_id bigint, primary key (id))
2025-07-29 20:00:54.310 DEBUG 7984 --- [           main] org.hibernate.SQL                        : create table produtos (id bigint generated by default as identity, ativo boolean not null, categoria varchar(255) not null, descricao varchar(255), imagem_url varchar(255), nome varchar(255) not null, preco numeric(10,2) not null, quantidade_estoque integer not null, primary key (id))
2025-07-29 20:00:54.311 DEBUG 7984 --- [           main] org.hibernate.SQL                        : alter table clientes add constraint UK_7wflw78ibh162cmq12ii6ffly unique (cpf)
2025-07-29 20:00:54.313 DEBUG 7984 --- [           main] org.hibernate.SQL                        : alter table pagamentos add constraint UK_rtcqn9xgaayhx7n48j2l37ljt unique (transacao_id)
2025-07-29 20:00:54.314 DEBUG 7984 --- [           main] org.hibernate.SQL                        : alter table itens_pedido add constraint FK42mycompce3b7yt3l6ukdwsxy foreign key (pedido_id) references pedidos
2025-07-29 20:00:54.326 DEBUG 7984 --- [           main] org.hibernate.SQL                        : alter table itens_pedido add constraint FKxytdlekpdaobqphujy9bmuhl foreign key (produto_id) references produtos
2025-07-29 20:00:54.327 DEBUG 7984 --- [           main] org.hibernate.SQL                        : alter table pagamentos add constraint FKb0dh6865y8h4irwdrl4ici3kl foreign key (pedido_id) references pedidos
2025-07-29 20:00:54.328 DEBUG 7984 --- [           main] org.hibernate.SQL                        : alter table pedidos add constraint FKg7202lk0hwxn04bmdl2thth5b foreign key (cliente_id) references clientes
2025-07-29 20:00:54.331  INFO 7984 --- [           main] o.h.e.t.j.p.i.JtaPlatformInitiator       : HHH000490: Using JtaPlatform implementation: [org.hibernate.engine.transaction.jta.platform.internal.NoJtaPlatform]
2025-07-29 20:00:54.337  INFO 7984 --- [           main] j.LocalContainerEntityManagerFactoryBean : Initialized JPA EntityManagerFactory for persistence unit 'default'
2025-07-29 20:00:54.866  WARN 7984 --- [           main] .s.s.UserDetailsServiceAutoConfiguration : 

Using generated security password: 611b1fe7-efa6-42be-a31f-489c30826609

This generated password is for development use only. Your security configuration must be updated before running your application in production.

2025-07-29 20:00:54.963  INFO 7984 --- [           main] o.s.s.web.DefaultSecurityFilterChain     : Will secure any request with [org.springframework.security.web.session.DisableEncodeUrlFilter@11896124, org.springframework.security.web.context.request.async.WebAsyncManagerIntegrationFilter@69fe8c75, org.springframework.security.web.context.SecurityContextPersistenceFilter@192ecf8, org.springframework.security.web.header.HeaderWriterFilter@2fc0ad21, org.springframework.web.filter.CorsFilter@633cad4d, org.springframework.security.web.authentication.logout.LogoutFilter@16c1d11, org.springframework.security.web.savedrequest.RequestCacheAwareFilter@62c42a3, org.springframework.security.web.servletapi.SecurityContextHolderAwareRequestFilter@6a8bcb64, org.springframework.security.web.authentication.AnonymousAuthenticationFilter@15c3585, org.springframework.security.web.session.SessionManagementFilter@4e3d36c2, org.springframework.security.web.access.ExceptionTranslationFilter@21d48c40, org.springframework.security.web.access.intercept.FilterSecurityInterceptor@2fe2fcc2]
2025-07-29 20:00:55.059  WARN 7984 --- [           main] JpaBaseConfiguration$JpaWebConfiguration : spring.jpa.open-in-view is enabled by default. Therefore, database queries may be performed during view rendering. Explicitly configure spring.jpa.open-in-view to disable this warning
2025-07-29 20:00:55.154 DEBUG 7984 --- [           main] s.w.s.m.m.a.RequestMappingHandlerAdapter : ControllerAdvice beans: 0 @ModelAttribute, 0 @InitBinder, 1 RequestBodyAdvice, 1 ResponseBodyAdvice
2025-07-29 20:00:55.210 DEBUG 7984 --- [           main] s.w.s.m.m.a.RequestMappingHandlerMapping : 25 mappings in 'requestMappingHandlerMapping'
2025-07-29 20:00:55.543 DEBUG 7984 --- [           main] o.s.w.s.handler.SimpleUrlHandlerMapping  : Patterns [/webjars/**, /**, /swagger-ui*/*swagger-initializer.js, /swagger-ui*/**] in 'resourceHandlerMapping'
2025-07-29 20:00:55.551 DEBUG 7984 --- [           main] .m.m.a.ExceptionHandlerExceptionResolver : ControllerAdvice beans: 1 @ExceptionHandler, 1 ResponseBodyAdvice
2025-07-29 20:00:55.820  INFO 7984 --- [           main] o.s.b.a.e.web.EndpointLinksResolver      : Exposing 1 endpoint(s) beneath base path '/actuator'
2025-07-29 20:00:55.876  INFO 7984 --- [           main] o.s.b.w.embedded.tomcat.TomcatWebServer  : Tomcat started on port(s): 8080 (http) with context path ''
2025-07-29 20:00:55.892  INFO 7984 --- [           main] c.m.fastfood.FastfoodApplication         : Started FastfoodApplication in 5.057 seconds (JVM running for 5.311)
2025-07-29 20:01:01.294  INFO 7984 --- [nio-8080-exec-2] o.a.c.c.C.[Tomcat].[localhost].[/]       : Initializing Spring DispatcherServlet 'dispatcherServlet'
2025-07-29 20:01:01.294  INFO 7984 --- [nio-8080-exec-2] o.s.web.servlet.DispatcherServlet        : Initializing Servlet 'dispatcherServlet'
2025-07-29 20:01:01.294 DEBUG 7984 --- [nio-8080-exec-2] o.s.web.servlet.DispatcherServlet        : Detected StandardServletMultipartResolver
2025-07-29 20:01:01.294 DEBUG 7984 --- [nio-8080-exec-2] o.s.web.servlet.DispatcherServlet        : Detected AcceptHeaderLocaleResolver
2025-07-29 20:01:01.294 DEBUG 7984 --- [nio-8080-exec-2] o.s.web.servlet.DispatcherServlet        : Detected FixedThemeResolver
2025-07-29 20:01:01.295 DEBUG 7984 --- [nio-8080-exec-2] o.s.web.servlet.DispatcherServlet        : Detected org.springframework.web.servlet.view.DefaultRequestToViewNameTranslator@6f00c40e
2025-07-29 20:01:01.296 DEBUG 7984 --- [nio-8080-exec-2] o.s.web.servlet.DispatcherServlet        : Detected org.springframework.web.servlet.support.SessionFlashMapManager@4a65c40
2025-07-29 20:01:01.296 DEBUG 7984 --- [nio-8080-exec-2] o.s.web.servlet.DispatcherServlet        : enableLoggingRequestDetails='false': request parameters and headers will be masked to prevent unsafe logging of potentially sensitive data
2025-07-29 20:01:01.296  INFO 7984 --- [nio-8080-exec-2] o.s.web.servlet.DispatcherServlet        : Completed initialization in 2 ms
2025-07-29 20:01:11.874 DEBUG 7984 --- [nio-8080-exec-3] o.s.web.servlet.DispatcherServlet        : GET "/api/pedidos/cozinha", parameters={}
2025-07-29 20:01:11.881 DEBUG 7984 --- [nio-8080-exec-3] s.w.s.m.m.a.RequestMappingHandlerMapping : Mapped to com.marianapetrolini.fastfood.controller.PedidoController#listarPedidosParaCozinha()
2025-07-29 20:01:11.904  INFO 7984 --- [nio-8080-exec-3] c.m.f.controller.PedidoController        : Listando pedidos para a cozinha
2025-07-29 20:01:11.918  INFO 7984 --- [nio-8080-exec-3] c.m.fastfood.service.PedidoService       : Listando pedidos para a cozinha com ordenação específica
2025-07-29 20:01:11.940 DEBUG 7984 --- [nio-8080-exec-3] org.hibernate.SQL                        : select pedido0_.id as id1_3_0_, itens1_.id as id1_1_1_, produto2_.id as id1_4_2_, cliente3_.id as id1_0_3_, pagamento4_.id as id1_2_4_, pedido0_.cliente_id as cliente_7_3_0_, pedido0_.data_criacao as data_cri2_3_0_, pedido0_.data_finalizacao as data_fin3_3_0_, pedido0_.observacoes as observac4_3_0_, pedido0_.status as status5_3_0_, pedido0_.valor_total as valor_to6_3_0_, itens1_.observacoes as observac2_1_1_, itens1_.pedido_id as pedido_i6_1_1_, itens1_.preco_unitario as preco_un3_1_1_, itens1_.produto_id as produto_7_1_1_, itens1_.quantidade as quantida4_1_1_, itens1_.subtotal as subtotal5_1_1_, itens1_.pedido_id as pedido_i6_1_0__, itens1_.id as id1_1_0__, produto2_.ativo as ativo2_4_2_, produto2_.categoria as categori3_4_2_, produto2_.descricao as descrica4_4_2_, produto2_.imagem_url as imagem_u5_4_2_, produto2_.nome as nome6_4_2_, produto2_.preco as preco7_4_2_, produto2_.quantidade_estoque as quantida8_4_2_, cliente3_.cpf as cpf2_0_3_, cliente3_.email as email3_0_3_, cliente3_.nome as nome4_0_3_, cliente3_.telefone as telefone5_0_3_, pagamento4_.data_criacao as data_cri2_2_4_, pagamento4_.data_processamento as data_pro3_2_4_, pagamento4_.mercado_pago_id as mercado_4_2_4_, pagamento4_.metodo_pagamento as metodo_p5_2_4_, pagamento4_.motivo_recusa as motivo_r6_2_4_, pagamento4_.pedido_id as pedido_11_2_4_, pagamento4_.qr_code_data as qr_code_7_2_4_, pagamento4_.status as status8_2_4_, pagamento4_.transacao_id as transaca9_2_4_, pagamento4_.valor as valor10_2_4_ from pedidos pedido0_ left outer join itens_pedido itens1_ on pedido0_.id=itens1_.pedido_id left outer join produtos produto2_ on itens1_.produto_id=produto2_.id left outer join clientes cliente3_ on pedido0_.cliente_id=cliente3_.id left outer join pagamentos pagamento4_ on pedido0_.id=pagamento4_.pedido_id where pedido0_.status in ('PRONTO' , 'EM_PREPARACAO' , 'RECEBIDO') order by case pedido0_.status when 'PRONTO' then 1 when 'EM_PREPARACAO' then 2 when 'RECEBIDO' then 3 else 4 end, pedido0_.data_criacao ASC
2025-07-29 20:01:12.027  INFO 7984 --- [nio-8080-exec-3] c.m.f.controller.PedidoController        : Retornando 8 pedidos para a cozinha
2025-07-29 20:01:12.044 DEBUG 7984 --- [nio-8080-exec-3] o.s.w.s.m.m.a.HttpEntityMethodProcessor  : Using 'application/json', given [*/*] and supported [application/json, application/*+json, application/json, application/*+json]
2025-07-29 20:01:12.089 DEBUG 7984 --- [nio-8080-exec-3] o.s.w.s.m.m.a.HttpEntityMethodProcessor  : Writing [[PedidoListaResponse(id=3, nomeCliente=Pedro Oliveira, status=PRONTO, statusPagamento=APROVADO, valo (truncated)...]
2025-07-29 20:01:12.198 DEBUG 7984 --- [nio-8080-exec-3] o.s.web.servlet.DispatcherServlet        : Completed 200 OK
2025-07-29 20:01:21.297 DEBUG 7984 --- [nio-8080-exec-7] o.s.web.servlet.DispatcherServlet        : POST "/api/pedidos/checkout", parameters={}
2025-07-29 20:01:21.298 DEBUG 7984 --- [nio-8080-exec-7] s.w.s.m.m.a.RequestMappingHandlerMapping : Mapped to com.marianapetrolini.fastfood.controller.PedidoController#realizarCheckout(CheckoutRequest)
2025-07-29 20:01:21.379 DEBUG 7984 --- [nio-8080-exec-7] m.m.a.RequestResponseBodyMethodProcessor : Read "application/json;charset=UTF-8" to [CheckoutRequest(cliente=CheckoutRequest.ClienteRequest(nome=Cliente Teste, cpf=null, email=teste@ema (truncated)...]
2025-07-29 20:01:21.434  INFO 7984 --- [nio-8080-exec-7] c.m.f.controller.PedidoController        : Recebida solicitação de checkout com 1 itens
2025-07-29 20:01:21.434  INFO 7984 --- [nio-8080-exec-7] c.m.fastfood.service.PedidoService       : Iniciando checkout do pedido
2025-07-29 20:01:21.444 DEBUG 7984 --- [nio-8080-exec-7] org.hibernate.SQL                        : select cliente0_.id as id1_0_, cliente0_.cpf as cpf2_0_, cliente0_.email as email3_0_, cliente0_.nome as nome4_0_, cliente0_.telefone as telefone5_0_ from clientes cliente0_ where cliente0_.email=?
2025-07-29 20:01:21.446 TRACE 7984 --- [nio-8080-exec-7] o.h.type.descriptor.sql.BasicBinder      : binding parameter [1] as [VARCHAR] - [teste@email.com]
2025-07-29 20:01:21.478 DEBUG 7984 --- [nio-8080-exec-7] org.hibernate.SQL                        : insert into clientes (id, cpf, email, nome, telefone) values (default, ?, ?, ?, ?)
2025-07-29 20:01:21.479 TRACE 7984 --- [nio-8080-exec-7] o.h.type.descriptor.sql.BasicBinder      : binding parameter [1] as [VARCHAR] - [null]
2025-07-29 20:01:21.479 TRACE 7984 --- [nio-8080-exec-7] o.h.type.descriptor.sql.BasicBinder      : binding parameter [2] as [VARCHAR] - [teste@email.com]
2025-07-29 20:01:21.479 TRACE 7984 --- [nio-8080-exec-7] o.h.type.descriptor.sql.BasicBinder      : binding parameter [3] as [VARCHAR] - [Cliente Teste]
2025-07-29 20:01:21.479 TRACE 7984 --- [nio-8080-exec-7] o.h.type.descriptor.sql.BasicBinder      : binding parameter [4] as [VARCHAR] - [(11) 99999-9999]
2025-07-29 20:01:21.482  INFO 7984 --- [nio-8080-exec-7] c.m.fastfood.service.PedidoService       : Novo cliente criado com ID: 4
2025-07-29 20:01:21.485 DEBUG 7984 --- [nio-8080-exec-7] org.hibernate.SQL                        : select produto0_.id as id1_4_0_, produto0_.ativo as ativo2_4_0_, produto0_.categoria as categori3_4_0_, produto0_.descricao as descrica4_4_0_, produto0_.imagem_url as imagem_u5_4_0_, produto0_.nome as nome6_4_0_, produto0_.preco as preco7_4_0_, produto0_.quantidade_estoque as quantida8_4_0_ from produtos produto0_ where produto0_.id=?
2025-07-29 20:01:21.486 TRACE 7984 --- [nio-8080-exec-7] o.h.type.descriptor.sql.BasicBinder      : binding parameter [1] as [BIGINT] - [1]
2025-07-29 20:01:21.509 DEBUG 7984 --- [nio-8080-exec-7] org.hibernate.SQL                        : insert into pedidos (id, cliente_id, data_criacao, data_finalizacao, observacoes, status, valor_total) values (default, ?, ?, ?, ?, ?, ?)
2025-07-29 20:01:21.509 TRACE 7984 --- [nio-8080-exec-7] o.h.type.descriptor.sql.BasicBinder      : binding parameter [1] as [BIGINT] - [4]
2025-07-29 20:01:21.510 TRACE 7984 --- [nio-8080-exec-7] o.h.type.descriptor.sql.BasicBinder      : binding parameter [2] as [TIMESTAMP] - [2025-07-29T20:01:21.482783]
2025-07-29 20:01:21.510 TRACE 7984 --- [nio-8080-exec-7] o.h.type.descriptor.sql.BasicBinder      : binding parameter [3] as [TIMESTAMP] - [null]
2025-07-29 20:01:21.510 TRACE 7984 --- [nio-8080-exec-7] o.h.type.descriptor.sql.BasicBinder      : binding parameter [4] as [VARCHAR] - [Pedido teste Mercado Pago]
2025-07-29 20:01:21.510 TRACE 7984 --- [nio-8080-exec-7] o.h.type.descriptor.sql.BasicBinder      : binding parameter [5] as [VARCHAR] - [RECEBIDO]
2025-07-29 20:01:21.510 TRACE 7984 --- [nio-8080-exec-7] o.h.type.descriptor.sql.BasicBinder      : binding parameter [6] as [NUMERIC] - [25.90]
2025-07-29 20:01:21.512 DEBUG 7984 --- [nio-8080-exec-7] org.hibernate.SQL                        : insert into itens_pedido (id, observacoes, pedido_id, preco_unitario, produto_id, quantidade, subtotal) values (default, ?, ?, ?, ?, ?, ?)
2025-07-29 20:01:21.512 TRACE 7984 --- [nio-8080-exec-7] o.h.type.descriptor.sql.BasicBinder      : binding parameter [1] as [VARCHAR] - [Teste integração MP]
2025-07-29 20:01:21.512 TRACE 7984 --- [nio-8080-exec-7] o.h.type.descriptor.sql.BasicBinder      : binding parameter [2] as [BIGINT] - [4]
2025-07-29 20:01:21.512 TRACE 7984 --- [nio-8080-exec-7] o.h.type.descriptor.sql.BasicBinder      : binding parameter [3] as [NUMERIC] - [25.90]
2025-07-29 20:01:21.512 TRACE 7984 --- [nio-8080-exec-7] o.h.type.descriptor.sql.BasicBinder      : binding parameter [4] as [BIGINT] - [1]
2025-07-29 20:01:21.512 TRACE 7984 --- [nio-8080-exec-7] o.h.type.descriptor.sql.BasicBinder      : binding parameter [5] as [INTEGER] - [1]
2025-07-29 20:01:21.512 TRACE 7984 --- [nio-8080-exec-7] o.h.type.descriptor.sql.BasicBinder      : binding parameter [6] as [NUMERIC] - [25.90]
2025-07-29 20:01:21.513  INFO 7984 --- [nio-8080-exec-7] c.m.fastfood.service.PedidoService       : Pedido criado com ID: 4
2025-07-29 20:01:21.528  INFO 7984 --- [nio-8080-exec-7] c.m.fastfood.service.PagamentoService    : Criando pagamento para pedido ID: 4
2025-07-29 20:01:21.529  INFO 7984 --- [nio-8080-exec-7] c.m.fastfood.service.MercadoPagoService  : Mercado Pago desabilitado - usando mock para transação: TXN-149C7215
2025-07-29 20:01:21.529  INFO 7984 --- [nio-8080-exec-7] c.m.fastfood.service.MercadoPagoService  : Criando pagamento PIX mock para pedido: 4
2025-07-29 20:01:21.531  INFO 7984 --- [nio-8080-exec-7] c.m.fastfood.service.PagamentoService    : Pagamento PIX criado via Mercado Pago. MP ID: MOCK-caa25a71
2025-07-29 20:01:21.534 DEBUG 7984 --- [nio-8080-exec-7] org.hibernate.SQL                        : insert into pagamentos (id, data_criacao, data_processamento, mercado_pago_id, metodo_pagamento, motivo_recusa, pedido_id, qr_code_data, status, transacao_id, valor) values (default, ?, ?, ?, ?, ?, ?, ?, ?, ?, ?)
2025-07-29 20:01:21.535 TRACE 7984 --- [nio-8080-exec-7] o.h.type.descriptor.sql.BasicBinder      : binding parameter [1] as [TIMESTAMP] - [2025-07-29T20:01:21.528682]
2025-07-29 20:01:21.535 TRACE 7984 --- [nio-8080-exec-7] o.h.type.descriptor.sql.BasicBinder      : binding parameter [2] as [TIMESTAMP] - [null]
2025-07-29 20:01:21.535 TRACE 7984 --- [nio-8080-exec-7] o.h.type.descriptor.sql.BasicBinder      : binding parameter [3] as [VARCHAR] - [MOCK-caa25a71]
2025-07-29 20:01:21.535 TRACE 7984 --- [nio-8080-exec-7] o.h.type.descriptor.sql.BasicBinder      : binding parameter [4] as [VARCHAR] - [PIX]
2025-07-29 20:01:21.535 TRACE 7984 --- [nio-8080-exec-7] o.h.type.descriptor.sql.BasicBinder      : binding parameter [5] as [VARCHAR] - [null]
2025-07-29 20:01:21.535 TRACE 7984 --- [nio-8080-exec-7] o.h.type.descriptor.sql.BasicBinder      : binding parameter [6] as [BIGINT] - [4]
2025-07-29 20:01:21.535 TRACE 7984 --- [nio-8080-exec-7] o.h.type.descriptor.sql.BasicBinder      : binding parameter [7] as [VARCHAR] - [00020126580014BR.GOV.BCB.PIX0136e0cdae04-f01f-4a26-b0eb-a32cc2d9107852040000530398654025.905802BR6009SAO PAULO62070503***6304]
2025-07-29 20:01:21.535 TRACE 7984 --- [nio-8080-exec-7] o.h.type.descriptor.sql.BasicBinder      : binding parameter [8] as [VARCHAR] - [PENDENTE]
2025-07-29 20:01:21.536 TRACE 7984 --- [nio-8080-exec-7] o.h.type.descriptor.sql.BasicBinder      : binding parameter [9] as [VARCHAR] - [TXN-149C7215]
2025-07-29 20:01:21.536 TRACE 7984 --- [nio-8080-exec-7] o.h.type.descriptor.sql.BasicBinder      : binding parameter [10] as [NUMERIC] - [25.90]
2025-07-29 20:01:21.537  INFO 7984 --- [nio-8080-exec-7] c.m.fastfood.service.PagamentoService    : Pagamento criado com ID: 4 e transação: TXN-149C7215
2025-07-29 20:01:21.550 DEBUG 7984 --- [nio-8080-exec-7] org.hibernate.SQL                        : update produtos set ativo=?, categoria=?, descricao=?, imagem_url=?, nome=?, preco=?, quantidade_estoque=? where id=?
2025-07-29 20:01:21.553 TRACE 7984 --- [nio-8080-exec-7] o.h.type.descriptor.sql.BasicBinder      : binding parameter [1] as [BOOLEAN] - [true]
2025-07-29 20:01:21.553 TRACE 7984 --- [nio-8080-exec-7] o.h.type.descriptor.sql.BasicBinder      : binding parameter [2] as [VARCHAR] - [LANCHE]
2025-07-29 20:01:21.553 TRACE 7984 --- [nio-8080-exec-7] o.h.type.descriptor.sql.BasicBinder      : binding parameter [3] as [VARCHAR] - [Dois hambúrgueres, alface, queijo, molho especial, cebola, picles em um pão com gergelim]
2025-07-29 20:01:21.553 TRACE 7984 --- [nio-8080-exec-7] o.h.type.descriptor.sql.BasicBinder      : binding parameter [4] as [VARCHAR] - [null]
2025-07-29 20:01:21.554 TRACE 7984 --- [nio-8080-exec-7] o.h.type.descriptor.sql.BasicBinder      : binding parameter [5] as [VARCHAR] - [Big Mac]
2025-07-29 20:01:21.554 TRACE 7984 --- [nio-8080-exec-7] o.h.type.descriptor.sql.BasicBinder      : binding parameter [6] as [NUMERIC] - [25.90]
2025-07-29 20:01:21.554 TRACE 7984 --- [nio-8080-exec-7] o.h.type.descriptor.sql.BasicBinder      : binding parameter [7] as [INTEGER] - [49]
2025-07-29 20:01:21.554 TRACE 7984 --- [nio-8080-exec-7] o.h.type.descriptor.sql.BasicBinder      : binding parameter [8] as [BIGINT] - [1]
2025-07-29 20:01:21.568  INFO 7984 --- [nio-8080-exec-7] c.m.f.controller.PedidoController        : Checkout realizado com sucesso. Pedido ID: 4
2025-07-29 20:01:21.572 DEBUG 7984 --- [nio-8080-exec-7] o.s.w.s.m.m.a.HttpEntityMethodProcessor  : Using 'application/json', given [*/*] and supported [application/json, application/*+json, application/json, application/*+json]
2025-07-29 20:01:21.582 DEBUG 7984 --- [nio-8080-exec-7] o.s.w.s.m.m.a.HttpEntityMethodProcessor  : Writing [CheckoutResponse(pedidoId=4, statusPedido=RECEBIDO, valorTotal=25.90, dataCriacao=2025-07-29T20:01:2 (truncated)...]
2025-07-29 20:01:21.585 DEBUG 7984 --- [nio-8080-exec-7] o.s.web.servlet.DispatcherServlet        : Completed 201 CREATED
2025-07-29 20:01:27.359 DEBUG 7984 --- [nio-8080-exec-8] o.s.web.servlet.DispatcherServlet        : POST "/api/pagamentos/webhook", parameters={}
2025-07-29 20:01:27.360 DEBUG 7984 --- [nio-8080-exec-8] s.w.s.m.m.a.RequestMappingHandlerMapping : Mapped to com.marianapetrolini.fastfood.controller.PagamentoController#receberWebhookPagamento(WebhookPagamentoRequest, String)
2025-07-29 20:01:27.388 DEBUG 7984 --- [nio-8080-exec-8] m.m.a.RequestResponseBodyMethodProcessor : Read "application/json;charset=UTF-8" to [WebhookPagamentoRequest(transacaoId=TXN-149C7215, status=approved, valor=25.90, metodoPagamento=pix, (truncated)...]
2025-07-29 20:01:27.394  INFO 7984 --- [nio-8080-exec-8] c.m.f.controller.PagamentoController     : Recebido webhook de pagamento para transação: TXN-149C7215
2025-07-29 20:01:27.395  INFO 7984 --- [nio-8080-exec-8] c.m.fastfood.service.PagamentoService    : Processando webhook de pagamento para transação: TXN-149C7215
2025-07-29 20:01:27.397 DEBUG 7984 --- [nio-8080-exec-8] org.hibernate.SQL                        : select pagamento0_.id as id1_2_, pagamento0_.data_criacao as data_cri2_2_, pagamento0_.data_processamento as data_pro3_2_, pagamento0_.mercado_pago_id as mercado_4_2_, pagamento0_.metodo_pagamento as metodo_p5_2_, pagamento0_.motivo_recusa as motivo_r6_2_, pagamento0_.pedido_id as pedido_11_2_, pagamento0_.qr_code_data as qr_code_7_2_, pagamento0_.status as status8_2_, pagamento0_.transacao_id as transaca9_2_, pagamento0_.valor as valor10_2_ from pagamentos pagamento0_ where pagamento0_.transacao_id=?
2025-07-29 20:01:27.398 TRACE 7984 --- [nio-8080-exec-8] o.h.type.descriptor.sql.BasicBinder      : binding parameter [1] as [VARCHAR] - [TXN-149C7215]
2025-07-29 20:01:27.404 DEBUG 7984 --- [nio-8080-exec-8] org.hibernate.SQL                        : select pedido0_.id as id1_3_0_, pedido0_.cliente_id as cliente_7_3_0_, pedido0_.data_criacao as data_cri2_3_0_, pedido0_.data_finalizacao as data_fin3_3_0_, pedido0_.observacoes as observac4_3_0_, pedido0_.status as status5_3_0_, pedido0_.valor_total as valor_to6_3_0_ from pedidos pedido0_ where pedido0_.id=?
2025-07-29 20:01:27.405 TRACE 7984 --- [nio-8080-exec-8] o.h.type.descriptor.sql.BasicBinder      : binding parameter [1] as [BIGINT] - [4]
2025-07-29 20:01:27.407  INFO 7984 --- [nio-8080-exec-8] c.m.fastfood.service.PagamentoService    : Pedido 4 automaticamente movido para EM_PREPARACAO após pagamento aprovado
2025-07-29 20:01:27.407  INFO 7984 --- [nio-8080-exec-8] c.m.fastfood.service.PagamentoService    : Pagamento aprovado - Pedido 4 liberado para preparação
2025-07-29 20:01:27.408  INFO 7984 --- [nio-8080-exec-8] c.m.fastfood.service.PagamentoService    : Webhook processado. Pagamento: PENDENTE -> APROVADO, Pedido: RECEBIDO -> EM_PREPARACAO na transação: TXN-149C7215
2025-07-29 20:01:27.409 DEBUG 7984 --- [nio-8080-exec-8] org.hibernate.SQL                        : update pagamentos set data_criacao=?, data_processamento=?, mercado_pago_id=?, metodo_pagamento=?, motivo_recusa=?, pedido_id=?, qr_code_data=?, status=?, transacao_id=?, valor=? where id=?
2025-07-29 20:01:27.409 TRACE 7984 --- [nio-8080-exec-8] o.h.type.descriptor.sql.BasicBinder      : binding parameter [1] as [TIMESTAMP] - [2025-07-29T20:01:21.528682]
2025-07-29 20:01:27.409 TRACE 7984 --- [nio-8080-exec-8] o.h.type.descriptor.sql.BasicBinder      : binding parameter [2] as [TIMESTAMP] - [2025-07-29T20:01:27.406545]
2025-07-29 20:01:27.418 TRACE 7984 --- [nio-8080-exec-8] o.h.type.descriptor.sql.BasicBinder      : binding parameter [3] as [VARCHAR] - [MOCK-caa25a71]
2025-07-29 20:01:27.418 TRACE 7984 --- [nio-8080-exec-8] o.h.type.descriptor.sql.BasicBinder      : binding parameter [4] as [VARCHAR] - [PIX]
2025-07-29 20:01:27.418 TRACE 7984 --- [nio-8080-exec-8] o.h.type.descriptor.sql.BasicBinder      : binding parameter [5] as [VARCHAR] - [null]
2025-07-29 20:01:27.418 TRACE 7984 --- [nio-8080-exec-8] o.h.type.descriptor.sql.BasicBinder      : binding parameter [6] as [BIGINT] - [4]
2025-07-29 20:01:27.418 TRACE 7984 --- [nio-8080-exec-8] o.h.type.descriptor.sql.BasicBinder      : binding parameter [7] as [VARCHAR] - [00020126580014BR.GOV.BCB.PIX0136e0cdae04-f01f-4a26-b0eb-a32cc2d9107852040000530398654025.905802BR6009SAO PAULO62070503***6304]
2025-07-29 20:01:27.418 TRACE 7984 --- [nio-8080-exec-8] o.h.type.descriptor.sql.BasicBinder      : binding parameter [8] as [VARCHAR] - [APROVADO]
2025-07-29 20:01:27.418 TRACE 7984 --- [nio-8080-exec-8] o.h.type.descriptor.sql.BasicBinder      : binding parameter [9] as [VARCHAR] - [TXN-149C7215]
2025-07-29 20:01:27.418 TRACE 7984 --- [nio-8080-exec-8] o.h.type.descriptor.sql.BasicBinder      : binding parameter [10] as [NUMERIC] - [25.90]
2025-07-29 20:01:27.418 TRACE 7984 --- [nio-8080-exec-8] o.h.type.descriptor.sql.BasicBinder      : binding parameter [11] as [BIGINT] - [4]
2025-07-29 20:01:27.419 DEBUG 7984 --- [nio-8080-exec-8] org.hibernate.SQL                        : update pedidos set cliente_id=?, data_criacao=?, data_finalizacao=?, observacoes=?, status=?, valor_total=? where id=?
2025-07-29 20:01:27.419 TRACE 7984 --- [nio-8080-exec-8] o.h.type.descriptor.sql.BasicBinder      : binding parameter [1] as [BIGINT] - [4]
2025-07-29 20:01:27.419 TRACE 7984 --- [nio-8080-exec-8] o.h.type.descriptor.sql.BasicBinder      : binding parameter [2] as [TIMESTAMP] - [2025-07-29T20:01:21.482783]
2025-07-29 20:01:27.420 TRACE 7984 --- [nio-8080-exec-8] o.h.type.descriptor.sql.BasicBinder      : binding parameter [3] as [TIMESTAMP] - [null]
2025-07-29 20:01:27.420 TRACE 7984 --- [nio-8080-exec-8] o.h.type.descriptor.sql.BasicBinder      : binding parameter [4] as [VARCHAR] - [Pedido teste Mercado Pago]
2025-07-29 20:01:27.420 TRACE 7984 --- [nio-8080-exec-8] o.h.type.descriptor.sql.BasicBinder      : binding parameter [5] as [VARCHAR] - [EM_PREPARACAO]
2025-07-29 20:01:27.420 TRACE 7984 --- [nio-8080-exec-8] o.h.type.descriptor.sql.BasicBinder      : binding parameter [6] as [NUMERIC] - [25.90]
2025-07-29 20:01:27.420 TRACE 7984 --- [nio-8080-exec-8] o.h.type.descriptor.sql.BasicBinder      : binding parameter [7] as [BIGINT] - [4]
2025-07-29 20:01:27.421  INFO 7984 --- [nio-8080-exec-8] c.m.f.controller.PagamentoController     : Webhook processado com sucesso para transação: TXN-149C7215
2025-07-29 20:01:27.425 DEBUG 7984 --- [nio-8080-exec-8] o.s.w.s.m.m.a.HttpEntityMethodProcessor  : Using 'application/json', given [*/*] and supported [application/json, application/*+json, application/json, application/*+json]
2025-07-29 20:01:27.425 DEBUG 7984 --- [nio-8080-exec-8] o.s.w.s.m.m.a.HttpEntityMethodProcessor  : Writing [{status=success, message=Webhook processado com sucesso, transacaoId=TXN-149C7215}]
2025-07-29 20:01:27.428 DEBUG 7984 --- [nio-8080-exec-8] o.s.web.servlet.DispatcherServlet        : Completed 200 OK
2025-07-29 20:01:32.485 DEBUG 7984 --- [nio-8080-exec-1] o.s.web.servlet.DispatcherServlet        : GET "/api/pedidos/cozinha", parameters={}
2025-07-29 20:01:32.486 DEBUG 7984 --- [nio-8080-exec-1] s.w.s.m.m.a.RequestMappingHandlerMapping : Mapped to com.marianapetrolini.fastfood.controller.PedidoController#listarPedidosParaCozinha()
2025-07-29 20:01:32.486  INFO 7984 --- [nio-8080-exec-1] c.m.f.controller.PedidoController        : Listando pedidos para a cozinha
2025-07-29 20:01:32.487  INFO 7984 --- [nio-8080-exec-1] c.m.fastfood.service.PedidoService       : Listando pedidos para a cozinha com ordenação específica
2025-07-29 20:01:32.487 DEBUG 7984 --- [nio-8080-exec-1] org.hibernate.SQL                        : select pedido0_.id as id1_3_0_, itens1_.id as id1_1_1_, produto2_.id as id1_4_2_, cliente3_.id as id1_0_3_, pagamento4_.id as id1_2_4_, pedido0_.cliente_id as cliente_7_3_0_, pedido0_.data_criacao as data_cri2_3_0_, pedido0_.data_finalizacao as data_fin3_3_0_, pedido0_.observacoes as observac4_3_0_, pedido0_.status as status5_3_0_, pedido0_.valor_total as valor_to6_3_0_, itens1_.observacoes as observac2_1_1_, itens1_.pedido_id as pedido_i6_1_1_, itens1_.preco_unitario as preco_un3_1_1_, itens1_.produto_id as produto_7_1_1_, itens1_.quantidade as quantida4_1_1_, itens1_.subtotal as subtotal5_1_1_, itens1_.pedido_id as pedido_i6_1_0__, itens1_.id as id1_1_0__, produto2_.ativo as ativo2_4_2_, produto2_.categoria as categori3_4_2_, produto2_.descricao as descrica4_4_2_, produto2_.imagem_url as imagem_u5_4_2_, produto2_.nome as nome6_4_2_, produto2_.preco as preco7_4_2_, produto2_.quantidade_estoque as quantida8_4_2_, cliente3_.cpf as cpf2_0_3_, cliente3_.email as email3_0_3_, cliente3_.nome as nome4_0_3_, cliente3_.telefone as telefone5_0_3_, pagamento4_.data_criacao as data_cri2_2_4_, pagamento4_.data_processamento as data_pro3_2_4_, pagamento4_.mercado_pago_id as mercado_4_2_4_, pagamento4_.metodo_pagamento as metodo_p5_2_4_, pagamento4_.motivo_recusa as motivo_r6_2_4_, pagamento4_.pedido_id as pedido_11_2_4_, pagamento4_.qr_code_data as qr_code_7_2_4_, pagamento4_.status as status8_2_4_, pagamento4_.transacao_id as transaca9_2_4_, pagamento4_.valor as valor10_2_4_ from pedidos pedido0_ left outer join itens_pedido itens1_ on pedido0_.id=itens1_.pedido_id left outer join produtos produto2_ on itens1_.produto_id=produto2_.id left outer join clientes cliente3_ on pedido0_.cliente_id=cliente3_.id left outer join pagamentos pagamento4_ on pedido0_.id=pagamento4_.pedido_id where pedido0_.status in ('PRONTO' , 'EM_PREPARACAO' , 'RECEBIDO') order by case pedido0_.status when 'PRONTO' then 1 when 'EM_PREPARACAO' then 2 when 'RECEBIDO' then 3 else 4 end, pedido0_.data_criacao ASC
2025-07-29 20:01:32.495  INFO 7984 --- [nio-8080-exec-1] c.m.f.controller.PedidoController        : Retornando 9 pedidos para a cozinha
2025-07-29 20:01:32.495 DEBUG 7984 --- [nio-8080-exec-1] o.s.w.s.m.m.a.HttpEntityMethodProcessor  : Using 'application/json', given [*/*] and supported [application/json, application/*+json, application/json, application/*+json]
2025-07-29 20:01:32.496 DEBUG 7984 --- [nio-8080-exec-1] o.s.w.s.m.m.a.HttpEntityMethodProcessor  : Writing [[PedidoListaResponse(id=3, nomeCliente=Pedro Oliveira, status=PRONTO, statusPagamento=APROVADO, valo (truncated)...]
2025-07-29 20:01:32.499 DEBUG 7984 --- [nio-8080-exec-1] o.s.web.servlet.DispatcherServlet        : Completed 200 OK
2025-07-29 20:01:38.649 DEBUG 7984 --- [nio-8080-exec-4] o.s.web.servlet.DispatcherServlet        : PUT "/api/pedidos/4/marcar-pronto", parameters={}
2025-07-29 20:01:38.650 DEBUG 7984 --- [nio-8080-exec-4] s.w.s.m.m.a.RequestMappingHandlerMapping : Mapped to com.marianapetrolini.fastfood.controller.PedidoController#marcarComoPronto(Long)
2025-07-29 20:01:38.653  INFO 7984 --- [nio-8080-exec-4] c.m.f.controller.PedidoController        : Marcando pedido como pronto: 4
2025-07-29 20:01:38.654  INFO 7984 --- [nio-8080-exec-4] c.m.fastfood.service.PedidoService       : Marcando pedido como pronto: 4
2025-07-29 20:01:38.654 DEBUG 7984 --- [nio-8080-exec-4] org.hibernate.SQL                        : select pedido0_.id as id1_3_0_, pedido0_.cliente_id as cliente_7_3_0_, pedido0_.data_criacao as data_cri2_3_0_, pedido0_.data_finalizacao as data_fin3_3_0_, pedido0_.observacoes as observac4_3_0_, pedido0_.status as status5_3_0_, pedido0_.valor_total as valor_to6_3_0_ from pedidos pedido0_ where pedido0_.id=?
2025-07-29 20:01:38.655 TRACE 7984 --- [nio-8080-exec-4] o.h.type.descriptor.sql.BasicBinder      : binding parameter [1] as [BIGINT] - [4]
2025-07-29 20:01:38.656 DEBUG 7984 --- [nio-8080-exec-4] org.hibernate.SQL                        : select pagamento0_.id as id1_2_0_, pagamento0_.data_criacao as data_cri2_2_0_, pagamento0_.data_processamento as data_pro3_2_0_, pagamento0_.mercado_pago_id as mercado_4_2_0_, pagamento0_.metodo_pagamento as metodo_p5_2_0_, pagamento0_.motivo_recusa as motivo_r6_2_0_, pagamento0_.pedido_id as pedido_11_2_0_, pagamento0_.qr_code_data as qr_code_7_2_0_, pagamento0_.status as status8_2_0_, pagamento0_.transacao_id as transaca9_2_0_, pagamento0_.valor as valor10_2_0_ from pagamentos pagamento0_ where pagamento0_.pedido_id=?
2025-07-29 20:01:38.657 TRACE 7984 --- [nio-8080-exec-4] o.h.type.descriptor.sql.BasicBinder      : binding parameter [1] as [BIGINT] - [4]
2025-07-29 20:01:38.659  INFO 7984 --- [nio-8080-exec-4] c.m.fastfood.service.PedidoService       : Status do pedido 4 atualizado de EM_PREPARACAO para PRONTO
2025-07-29 20:01:38.659 DEBUG 7984 --- [nio-8080-exec-4] org.hibernate.SQL                        : update pedidos set cliente_id=?, data_criacao=?, data_finalizacao=?, observacoes=?, status=?, valor_total=? where id=?
2025-07-29 20:01:38.659 TRACE 7984 --- [nio-8080-exec-4] o.h.type.descriptor.sql.BasicBinder      : binding parameter [1] as [BIGINT] - [4]
2025-07-29 20:01:38.659 TRACE 7984 --- [nio-8080-exec-4] o.h.type.descriptor.sql.BasicBinder      : binding parameter [2] as [TIMESTAMP] - [2025-07-29T20:01:21.482783]
2025-07-29 20:01:38.659 TRACE 7984 --- [nio-8080-exec-4] o.h.type.descriptor.sql.BasicBinder      : binding parameter [3] as [TIMESTAMP] - [null]
2025-07-29 20:01:38.659 TRACE 7984 --- [nio-8080-exec-4] o.h.type.descriptor.sql.BasicBinder      : binding parameter [4] as [VARCHAR] - [Pedido teste Mercado Pago]
2025-07-29 20:01:38.660 TRACE 7984 --- [nio-8080-exec-4] o.h.type.descriptor.sql.BasicBinder      : binding parameter [5] as [VARCHAR] - [PRONTO]
2025-07-29 20:01:38.660 TRACE 7984 --- [nio-8080-exec-4] o.h.type.descriptor.sql.BasicBinder      : binding parameter [6] as [NUMERIC] - [25.90]
2025-07-29 20:01:38.660 TRACE 7984 --- [nio-8080-exec-4] o.h.type.descriptor.sql.BasicBinder      : binding parameter [7] as [BIGINT] - [4]
2025-07-29 20:01:38.661 DEBUG 7984 --- [nio-8080-exec-4] o.s.w.s.m.m.a.HttpEntityMethodProcessor  : Using 'application/json', given [*/*] and supported [application/json, application/*+json, application/json, application/*+json]
2025-07-29 20:01:38.661 DEBUG 7984 --- [nio-8080-exec-4] o.s.w.s.m.m.a.HttpEntityMethodProcessor  : Nothing to write: null body
2025-07-29 20:01:38.662 DEBUG 7984 --- [nio-8080-exec-4] o.s.web.servlet.DispatcherServlet        : Completed 200 OK
2025-07-29 20:01:43.881 DEBUG 7984 --- [nio-8080-exec-6] o.s.web.servlet.DispatcherServlet        : GET "/swagger-ui.html", parameters={}
2025-07-29 20:01:43.882 DEBUG 7984 --- [nio-8080-exec-6] s.w.s.m.m.a.RequestMappingHandlerMapping : Mapped to org.springdoc.webmvc.ui.SwaggerWelcomeWebMvc#redirectToUi(HttpServletRequest)
2025-07-29 20:01:43.895 DEBUG 7984 --- [nio-8080-exec-6] o.s.w.s.m.m.a.HttpEntityMethodProcessor  : Using 'application/json', given [*/*] and supported [application/json, application/*+json, application/json, application/*+json]
2025-07-29 20:01:43.895 DEBUG 7984 --- [nio-8080-exec-6] o.s.w.s.m.m.a.HttpEntityMethodProcessor  : Nothing to write: null body
2025-07-29 20:01:43.895 DEBUG 7984 --- [nio-8080-exec-6] o.s.web.servlet.DispatcherServlet        : Completed 302 FOUND
2025-07-29 20:01:50.387  INFO 7984 --- [ionShutdownHook] j.LocalContainerEntityManagerFactoryBean : Closing JPA EntityManagerFactory for persistence unit 'default'
2025-07-29 20:01:50.387  INFO 7984 --- [ionShutdownHook] .SchemaDropperImpl$DelayedDropActionImpl : HHH000477: Starting delayed evictData of schema as part of SessionFactory shut-down'
2025-07-29 20:01:50.388 DEBUG 7984 --- [ionShutdownHook] org.hibernate.SQL                        : drop table if exists clientes CASCADE 
2025-07-29 20:01:50.572 DEBUG 7984 --- [ionShutdownHook] org.hibernate.SQL                        : drop table if exists itens_pedido CASCADE 
2025-07-29 20:01:50.572 DEBUG 7984 --- [ionShutdownHook] org.hibernate.SQL                        : drop table if exists pagamentos CASCADE 
2025-07-29 20:01:50.572 DEBUG 7984 --- [ionShutdownHook] org.hibernate.SQL                        : drop table if exists pedidos CASCADE 
2025-07-29 20:01:50.572 DEBUG 7984 --- [ionShutdownHook] org.hibernate.SQL                        : drop table if exists produtos CASCADE 
2025-07-29 20:01:50.575  INFO 7984 --- [ionShutdownHook] com.zaxxer.hikari.HikariDataSource       : HikariPool-1 - Shutdown initiated...
2025-07-29 20:01:50.578  INFO 7984 --- [ionShutdownHook] com.zaxxer.hikari.HikariDataSource       : HikariPool-1 - Shutdown completed.
